{"/Users/sayone/Documents/MYGIT/react-native-animated-button/src/animatedButton.js": {"path":"/Users/sayone/Documents/MYGIT/react-native-animated-button/src/animatedButton.js","statementMap":{"0":{"start":{"line":1,"column":42},"end":{"line":1,"column":97}},"1":{"start":{"line":1,"column":128},"end":{"line":1,"column":184}},"2":{"start":{"line":1,"column":185},"end":{"line":1,"column":247}},"3":{"start":{"line":1,"column":247},"end":{"line":1,"column":272}},"4":{"start":{"line":1,"column":295},"end":{"line":1,"column":367}},"5":{"start":{"line":1,"column":388},"end":{"line":1,"column":457}},"6":{"start":{"line":1,"column":475},"end":{"line":1,"column":541}},"7":{"start":{"line":1,"column":576},"end":{"line":1,"column":659}},"8":{"start":{"line":1,"column":683},"end":{"line":1,"column":755}},"9":{"start":{"line":1,"column":769},"end":{"line":1,"column":810}},"10":{"start":{"line":2,"column":19},"end":{"line":2,"column":42}},"11":{"start":{"line":8,"column":17},"end":{"line":8,"column":62}},"12":{"start":{"line":8,"column":82},"end":{"line":8,"column":164}},"13":{"start":{"line":8,"column":229},"end":{"line":8,"column":256}},"14":{"start":{"line":8,"column":257},"end":{"line":8,"column":618}},"15":{"start":{"line":8,"column":309},"end":{"line":8,"column":347}},"16":{"start":{"line":8,"column":355},"end":{"line":8,"column":554}},"17":{"start":{"line":8,"column":403},"end":{"line":8,"column":450}},"18":{"start":{"line":8,"column":451},"end":{"line":8,"column":507}},"19":{"start":{"line":8,"column":515},"end":{"line":8,"column":553}},"20":{"start":{"line":8,"column":554},"end":{"line":8,"column":616}},"21":{"start":{"line":8,"column":657},"end":{"line":8,"column":728}},"22":{"start":{"line":8,"column":715},"end":{"line":8,"column":728}},"23":{"start":{"line":8,"column":728},"end":{"line":8,"column":769}},"24":{"start":{"line":8,"column":756},"end":{"line":8,"column":769}},"25":{"start":{"line":8,"column":769},"end":{"line":8,"column":814}},"26":{"start":{"line":8,"column":802},"end":{"line":8,"column":814}},"27":{"start":{"line":8,"column":814},"end":{"line":8,"column":932}},"28":{"start":{"line":8,"column":819},"end":{"line":8,"column":893}},"29":{"start":{"line":8,"column":893},"end":{"line":8,"column":905}},"30":{"start":{"line":8,"column":918},"end":{"line":8,"column":931}},"31":{"start":{"line":9,"column":17},"end":{"line":84,"column":51}},"32":{"start":{"line":9,"column":40},"end":{"line":9,"column":92}},"33":{"start":{"line":9,"column":105},"end":{"line":9,"column":133}},"34":{"start":{"line":10,"column":44},"end":{"line":10,"column":96}},"35":{"start":{"line":11,"column":4},"end":{"line":11,"column":37}},"36":{"start":{"line":12,"column":4},"end":{"line":12,"column":55}},"37":{"start":{"line":13,"column":4},"end":{"line":13,"column":61}},"38":{"start":{"line":14,"column":4},"end":{"line":17,"column":30}},"39":{"start":{"line":19,"column":4},"end":{"line":22,"column":30}},"40":{"start":{"line":24,"column":4},"end":{"line":27,"column":30}},"41":{"start":{"line":29,"column":4},"end":{"line":32,"column":30}},"42":{"start":{"line":32,"column":30},"end":{"line":32,"column":43}},"43":{"start":{"line":34,"column":3},"end":{"line":84,"column":10}},"44":{"start":{"line":37,"column":6},"end":{"line":64,"column":14}},"45":{"start":{"line":67,"column":18},"end":{"line":67,"column":22}},"46":{"start":{"line":68,"column":6},"end":{"line":79,"column":59}},"47":{"start":{"line":70,"column":119},"end":{"line":70,"column":165}},"48":{"start":{"line":84,"column":10},"end":{"line":84,"column":32}},"49":{"start":{"line":87,"column":0},"end":{"line":92,"column":123}},"50":{"start":{"line":95,"column":0},"end":{"line":95,"column":14}},"51":{"start":{"line":95,"column":15},"end":{"line":95,"column":42}}},"fnMap":{"0":{"name":"_createSuper","decl":{"start":{"line":8,"column":174},"end":{"line":8,"column":186}},"loc":{"start":{"line":8,"column":196},"end":{"line":8,"column":619}},"line":8},"1":{"name":"_createSuperInternal","decl":{"start":{"line":8,"column":273},"end":{"line":8,"column":293}},"loc":{"start":{"line":8,"column":296},"end":{"line":8,"column":617}},"line":8},"2":{"name":"_isNativeReflectConstruct","decl":{"start":{"line":8,"column":628},"end":{"line":8,"column":653}},"loc":{"start":{"line":8,"column":656},"end":{"line":8,"column":933}},"line":8},"3":{"name":"(anonymous_3)","decl":{"start":{"line":8,"column":876},"end":{"line":8,"column":877}},"loc":{"start":{"line":8,"column":888},"end":{"line":8,"column":890}},"line":8},"4":{"name":"(anonymous_4)","decl":{"start":{"line":9,"column":17},"end":{"line":9,"column":18}},"loc":{"start":{"line":9,"column":39},"end":{"line":84,"column":33}},"line":9},"5":{"name":"AnimatedButton","decl":{"start":{"line":10,"column":11},"end":{"line":10,"column":25}},"loc":{"start":{"line":10,"column":33},"end":{"line":34,"column":3}},"line":10},"6":{"name":"animateValue","decl":{"start":{"line":34,"column":86},"end":{"line":34,"column":98}},"loc":{"start":{"line":36,"column":4},"end":{"line":65,"column":5}},"line":36},"7":{"name":"render","decl":{"start":{"line":65,"column":42},"end":{"line":65,"column":48}},"loc":{"start":{"line":67,"column":4},"end":{"line":84,"column":5}},"line":67},"8":{"name":"onPress","decl":{"start":{"line":70,"column":108},"end":{"line":70,"column":115}},"loc":{"start":{"line":70,"column":118},"end":{"line":70,"column":166}},"line":70}},"branchMap":{"0":{"loc":{"start":{"line":8,"column":355},"end":{"line":8,"column":554}},"type":"if","locations":[{"start":{"line":8,"column":355},"end":{"line":8,"column":554}},{"start":{"line":8,"column":355},"end":{"line":8,"column":554}}],"line":8},"1":{"loc":{"start":{"line":8,"column":657},"end":{"line":8,"column":728}},"type":"if","locations":[{"start":{"line":8,"column":657},"end":{"line":8,"column":728}},{"start":{"line":8,"column":657},"end":{"line":8,"column":728}}],"line":8},"2":{"loc":{"start":{"line":8,"column":661},"end":{"line":8,"column":713}},"type":"binary-expr","locations":[{"start":{"line":8,"column":661},"end":{"line":8,"column":691}},{"start":{"line":8,"column":695},"end":{"line":8,"column":713}}],"line":8},"3":{"loc":{"start":{"line":8,"column":728},"end":{"line":8,"column":769}},"type":"if","locations":[{"start":{"line":8,"column":728},"end":{"line":8,"column":769}},{"start":{"line":8,"column":728},"end":{"line":8,"column":769}}],"line":8},"4":{"loc":{"start":{"line":8,"column":769},"end":{"line":8,"column":814}},"type":"if","locations":[{"start":{"line":8,"column":769},"end":{"line":8,"column":814}},{"start":{"line":8,"column":769},"end":{"line":8,"column":814}}],"line":8},"5":{"loc":{"start":{"line":21,"column":23},"end":{"line":21,"column":68}},"type":"cond-expr","locations":[{"start":{"line":21,"column":58},"end":{"line":21,"column":61}},{"start":{"line":21,"column":64},"end":{"line":21,"column":68}}],"line":21},"6":{"loc":{"start":{"line":79,"column":8},"end":{"line":79,"column":55}},"type":"binary-expr","locations":[{"start":{"line":79,"column":8},"end":{"line":79,"column":32}},{"start":{"line":79,"column":36},"end":{"line":79,"column":55}}],"line":79}},"s":{"0":1,"1":1,"2":1,"3":1,"4":1,"5":1,"6":1,"7":1,"8":1,"9":1,"10":1,"11":1,"12":1,"13":1,"14":1,"15":1,"16":1,"17":1,"18":1,"19":0,"20":1,"21":1,"22":0,"23":1,"24":0,"25":1,"26":1,"27":0,"28":0,"29":0,"30":0,"31":1,"32":1,"33":1,"34":1,"35":1,"36":1,"37":1,"38":1,"39":1,"40":1,"41":1,"42":1,"43":1,"44":0,"45":1,"46":1,"47":0,"48":1,"49":1,"50":1,"51":1},"f":{"0":1,"1":1,"2":1,"3":0,"4":1,"5":1,"6":0,"7":1,"8":0},"b":{"0":[1,0],"1":[0,1],"2":[1,1],"3":[0,1],"4":[1,0],"5":[0,1],"6":[1,1]},"inputSourceMap":null,"_coverageSchema":"1a1c01bbd47fc00a2c39e90264f33305004495a9","hash":"b621af78eb3934bb20f8276231419f7477291c61"}
}
