TN:
SF:src/index.js
FN:8,_createSuper
FN:8,_createSuperInternal
FN:8,_isNativeReflectConstruct
FN:8,(anonymous_3)
FN:9,(anonymous_4)
FN:10,AnimatedButton
FN:34,animateValue
FN:65,render
FN:70,onPress
FNF:9
FNH:6
FNDA:1,_createSuper
FNDA:1,_createSuperInternal
FNDA:1,_isNativeReflectConstruct
FNDA:0,(anonymous_3)
FNDA:1,(anonymous_4)
FNDA:1,AnimatedButton
FNDA:0,animateValue
FNDA:1,render
FNDA:0,onPress
DA:1,1
DA:2,1
DA:8,1
DA:9,1
DA:10,1
DA:11,1
DA:12,1
DA:13,1
DA:14,1
DA:19,1
DA:24,1
DA:29,1
DA:32,1
DA:34,1
DA:37,0
DA:67,1
DA:68,1
DA:70,0
DA:84,1
DA:87,1
DA:95,1
LF:21
LH:19
BRDA:8,0,0,1
BRDA:8,0,1,0
BRDA:8,1,0,0
BRDA:8,1,1,1
BRDA:8,2,0,1
BRDA:8,2,1,1
BRDA:8,3,0,0
BRDA:8,3,1,1
BRDA:8,4,0,1
BRDA:8,4,1,0
BRDA:21,5,0,0
BRDA:21,5,1,1
BRDA:79,6,0,1
BRDA:79,6,1,1
BRF:14
BRH:9
end_of_record
